This file contains any messages produced by compilers while
running configure, to aid debugging if configure makes a mistake.

It was created by TEMPLATE VOL configure 1.0.0, which was
generated by GNU Autoconf 2.71.  Invocation command line was

  $ ../configure --with-hdf5=/usr/local/hdf5/bin/h5cc

## --------- ##
## Platform. ##
## --------- ##

hostname = theassembler
uname -m = x86_64
uname -r = 6.1.0-17-amd64
uname -s = Linux
uname -v = #1 SMP PREEMPT_DYNAMIC Debian 6.1.69-1 (2023-12-30)

/usr/bin/uname -p = unknown
/bin/uname -X     = unknown

/bin/arch              = x86_64
/usr/bin/arch -k       = unknown
/usr/convex/getsysinfo = unknown
/usr/bin/hostinfo      = unknown
/bin/machine           = unknown
/usr/bin/oslevel       = unknown
/bin/universe          = unknown

PATH: /home/theassembler/gems/bin/
PATH: /home/theassembler/.cargo/bin/
PATH: /usr/local/bin/
PATH: /usr/bin/
PATH: /bin/
PATH: /usr/local/games/
PATH: /usr/games/
PATH: /snap/bin/


## ----------- ##
## Core tests. ##
## ----------- ##

configure:2427: looking for aux files: config.guess config.sub ltmain.sh missing install-sh compile
configure:2440:  trying ../bin/
configure:2469:   ../bin/config.guess found
configure:2469:   ../bin/config.sub found
configure:2469:   ../bin/ltmain.sh found
configure:2469:   ../bin/missing found
configure:2451:   ../bin/install-sh found
configure:2469:   ../bin/compile found
configure:2653: checking for gcc
configure:2674: found /usr/bin/gcc
configure:2685: result: gcc
configure:3038: checking for C compiler version
configure:3047: gcc --version >&5
gcc (Debian 12.2.0-14) 12.2.0
Copyright (C) 2022 Free Software Foundation, Inc.
This is free software; see the source for copying conditions.  There is NO
warranty; not even for MERCHANTABILITY or FITNESS FOR A PARTICULAR PURPOSE.

configure:3058: $? = 0
configure:3047: gcc -v >&5
Using built-in specs.
COLLECT_GCC=gcc
COLLECT_LTO_WRAPPER=/usr/lib/gcc/x86_64-linux-gnu/12/lto-wrapper
OFFLOAD_TARGET_NAMES=nvptx-none:amdgcn-amdhsa
OFFLOAD_TARGET_DEFAULT=1
Target: x86_64-linux-gnu
Configured with: ../src/configure -v --with-pkgversion='Debian 12.2.0-14' --with-bugurl=file:///usr/share/doc/gcc-12/README.Bugs --enable-languages=c,ada,c++,go,d,fortran,objc,obj-c++,m2 --prefix=/usr --with-gcc-major-version-only --program-suffix=-12 --program-prefix=x86_64-linux-gnu- --enable-shared --enable-linker-build-id --libexecdir=/usr/lib --without-included-gettext --enable-threads=posix --libdir=/usr/lib --enable-nls --enable-clocale=gnu --enable-libstdcxx-debug --enable-libstdcxx-time=yes --with-default-libstdcxx-abi=new --enable-gnu-unique-object --disable-vtable-verify --enable-plugin --enable-default-pie --with-system-zlib --enable-libphobos-checking=release --with-target-system-zlib=auto --enable-objc-gc=auto --enable-multiarch --disable-werror --enable-cet --with-arch-32=i686 --with-abi=m64 --with-multilib-list=m32,m64,mx32 --enable-multilib --with-tune=generic --enable-offload-targets=nvptx-none=/build/gcc-12-bTRWOB/gcc-12-12.2.0/debian/tmp-nvptx/usr,amdgcn-amdhsa=/build/gcc-12-bTRWOB/gcc-12-12.2.0/debian/tmp-gcn/usr --enable-offload-defaulted --without-cuda-driver --enable-checking=release --build=x86_64-linux-gnu --host=x86_64-linux-gnu --target=x86_64-linux-gnu
Thread model: posix
Supported LTO compression algorithms: zlib zstd
gcc version 12.2.0 (Debian 12.2.0-14) 
... rest of stderr output deleted ...
configure:3058: $? = 0
configure:3047: gcc -V >&5
gcc: error: unrecognized command-line option '-V'
gcc: fatal error: no input files
compilation terminated.
configure:3058: $? = 1
configure:3047: gcc -qversion >&5
gcc: error: unrecognized command-line option '-qversion'; did you mean '--version'?
gcc: fatal error: no input files
compilation terminated.
configure:3058: $? = 1
configure:3047: gcc -version >&5
gcc: error: unrecognized command-line option '-version'
gcc: fatal error: no input files
compilation terminated.
configure:3058: $? = 1
configure:3078: checking whether the C compiler works
configure:3100: gcc    conftest.c  >&5
configure:3104: $? = 0
configure:3154: result: yes
configure:3157: checking for C compiler default output file name
configure:3159: result: a.out
configure:3165: checking for suffix of executables
configure:3172: gcc -o conftest    conftest.c  >&5
configure:3176: $? = 0
configure:3199: result: 
configure:3221: checking whether we are cross compiling
configure:3229: gcc -o conftest    conftest.c  >&5
configure:3233: $? = 0
configure:3240: ./conftest
configure:3244: $? = 0
configure:3259: result: no
configure:3264: checking for suffix of object files
configure:3287: gcc -c   conftest.c >&5
configure:3291: $? = 0
configure:3313: result: o
configure:3317: checking whether the compiler supports GNU C
configure:3337: gcc -c   conftest.c >&5
configure:3337: $? = 0
configure:3347: result: yes
configure:3358: checking whether gcc accepts -g
configure:3379: gcc -c -g  conftest.c >&5
configure:3379: $? = 0
configure:3423: result: yes
configure:3443: checking for gcc option to enable C11 features
configure:3458: gcc  -c -g -O2  conftest.c >&5
configure:3458: $? = 0
configure:3476: result: none needed
configure:3597: checking whether gcc understands -c and -o together
configure:3620: gcc -c conftest.c -o conftest2.o
configure:3623: $? = 0
configure:3620: gcc -c conftest.c -o conftest2.o
configure:3623: $? = 0
configure:3635: result: yes
configure:3659: checking for stdio.h
configure:3659: gcc -c -g -O2  conftest.c >&5
configure:3659: $? = 0
configure:3659: result: yes
configure:3659: checking for stdlib.h
configure:3659: gcc -c -g -O2  conftest.c >&5
configure:3659: $? = 0
configure:3659: result: yes
configure:3659: checking for string.h
configure:3659: gcc -c -g -O2  conftest.c >&5
configure:3659: $? = 0
configure:3659: result: yes
configure:3659: checking for inttypes.h
configure:3659: gcc -c -g -O2  conftest.c >&5
configure:3659: $? = 0
configure:3659: result: yes
configure:3659: checking for stdint.h
configure:3659: gcc -c -g -O2  conftest.c >&5
configure:3659: $? = 0
configure:3659: result: yes
configure:3659: checking for strings.h
configure:3659: gcc -c -g -O2  conftest.c >&5
configure:3659: $? = 0
configure:3659: result: yes
configure:3659: checking for sys/stat.h
configure:3659: gcc -c -g -O2  conftest.c >&5
configure:3659: $? = 0
configure:3659: result: yes
configure:3659: checking for sys/types.h
configure:3659: gcc -c -g -O2  conftest.c >&5
configure:3659: $? = 0
configure:3659: result: yes
configure:3659: checking for unistd.h
configure:3659: gcc -c -g -O2  conftest.c >&5
configure:3659: $? = 0
configure:3659: result: yes
configure:3684: checking for stdlib.h
configure:3684: result: yes
configure:3693: checking for size_t
configure:3693: gcc -c -g -O2  conftest.c >&5
configure:3693: $? = 0
configure:3693: gcc -c -g -O2  conftest.c >&5
conftest.c: In function 'main':
conftest.c:51:21: error: expected expression before ')' token
   51 | if (sizeof ((size_t)))
      |                     ^
configure:3693: $? = 1
configure: failed program was:
| /* confdefs.h */
| #define PACKAGE_NAME "TEMPLATE VOL"
| #define PACKAGE_TARNAME "template-vol"
| #define PACKAGE_VERSION "1.0.0"
| #define PACKAGE_STRING "TEMPLATE VOL 1.0.0"
| #define PACKAGE_BUGREPORT "help@hdfgroup.org"
| #define PACKAGE_URL ""
| #define HAVE_STDIO_H 1
| #define HAVE_STDLIB_H 1
| #define HAVE_STRING_H 1
| #define HAVE_INTTYPES_H 1
| #define HAVE_STDINT_H 1
| #define HAVE_STRINGS_H 1
| #define HAVE_SYS_STAT_H 1
| #define HAVE_SYS_TYPES_H 1
| #define HAVE_UNISTD_H 1
| #define STDC_HEADERS 1
| #define HAVE_STDLIB_H 1
| /* end confdefs.h.  */
| #include <stddef.h>
| #ifdef HAVE_STDIO_H
| # include <stdio.h>
| #endif
| #ifdef HAVE_STDLIB_H
| # include <stdlib.h>
| #endif
| #ifdef HAVE_STRING_H
| # include <string.h>
| #endif
| #ifdef HAVE_INTTYPES_H
| # include <inttypes.h>
| #endif
| #ifdef HAVE_STDINT_H
| # include <stdint.h>
| #endif
| #ifdef HAVE_STRINGS_H
| # include <strings.h>
| #endif
| #ifdef HAVE_SYS_TYPES_H
| # include <sys/types.h>
| #endif
| #ifdef HAVE_SYS_STAT_H
| # include <sys/stat.h>
| #endif
| #ifdef HAVE_UNISTD_H
| # include <unistd.h>
| #endif
| int
| main (void)
| {
| if (sizeof ((size_t)))
| 	    return 0;
|   ;
|   return 0;
| }
configure:3693: result: yes
configure:3722: checking for a BSD-compatible install
configure:3795: result: /usr/bin/install -c
configure:3806: checking whether build environment is sane
configure:3861: result: yes
configure:4016: checking for a race-free mkdir -p
configure:4060: result: /usr/bin/mkdir -p
configure:4067: checking for gawk
configure:4102: result: no
configure:4067: checking for mawk
configure:4088: found /usr/bin/mawk
configure:4099: result: mawk
configure:4110: checking whether make sets $(MAKE)
configure:4133: result: yes
configure:4155: checking whether make supports the include directive
configure:4170: make -f confmf.GNU && cat confinc.out
this is the am__doit target
configure:4173: $? = 0
configure:4192: result: yes (GNU style)
configure:4227: checking whether make supports nested variables
configure:4245: result: yes
configure:4326: checking dependency style of gcc
configure:4438: result: gcc3
configure:4522: checking whether make supports nested variables
configure:4540: result: yes
configure:4588: checking build system type
configure:4603: result: x86_64-pc-linux-gnu
configure:4623: checking host system type
configure:4637: result: x86_64-pc-linux-gnu
configure:4678: checking how to print strings
configure:4705: result: printf
configure:4726: checking for a sed that does not truncate output
configure:4796: result: /usr/bin/sed
configure:4814: checking for grep that handles long lines and -e
configure:4878: result: /usr/bin/grep
configure:4883: checking for egrep
configure:4951: result: /usr/bin/grep -E
configure:4956: checking for fgrep
configure:5024: result: /usr/bin/grep -F
configure:5060: checking for ld used by gcc
configure:5128: result: /usr/bin/ld
configure:5135: checking if the linker (/usr/bin/ld) is GNU ld
configure:5151: result: yes
configure:5163: checking for BSD- or MS-compatible name lister (nm)
configure:5218: result: /usr/bin/nm -B
configure:5358: checking the name lister (/usr/bin/nm -B) interface
configure:5366: gcc -c -g -O2  conftest.c >&5
configure:5369: /usr/bin/nm -B "conftest.o"
configure:5372: output
0000000000000000 B some_variable
configure:5379: result: BSD nm
configure:5382: checking whether ln -s works
configure:5386: result: yes
configure:5394: checking the maximum length of command line arguments
configure:5526: result: 1572864
configure:5574: checking how to convert x86_64-pc-linux-gnu file names to x86_64-pc-linux-gnu format
configure:5615: result: func_convert_file_noop
configure:5622: checking how to convert x86_64-pc-linux-gnu file names to toolchain format
configure:5643: result: func_convert_file_noop
configure:5650: checking for /usr/bin/ld option to reload object files
configure:5658: result: -r
configure:5737: checking for file
configure:5758: found /usr/bin/file
configure:5769: result: file
configure:5845: checking for objdump
configure:5866: found /usr/bin/objdump
configure:5877: result: objdump
configure:5909: checking how to recognize dependent libraries
configure:6110: result: pass_all
configure:6200: checking for dlltool
configure:6235: result: no
configure:6265: checking how to associate runtime and link libraries
configure:6293: result: printf %s\n
configure:6358: checking for ar
configure:6379: found /usr/bin/ar
configure:6390: result: ar
configure:6443: checking for archiver @FILE support
configure:6461: gcc -c -g -O2  conftest.c >&5
configure:6461: $? = 0
configure:6465: ar cr libconftest.a @conftest.lst >&5
configure:6468: $? = 0
configure:6473: ar cr libconftest.a @conftest.lst >&5
ar: conftest.o: No such file or directory
configure:6476: $? = 1
configure:6488: result: @
configure:6551: checking for strip
configure:6572: found /usr/bin/strip
configure:6583: result: strip
configure:6660: checking for ranlib
configure:6681: found /usr/bin/ranlib
configure:6692: result: ranlib
configure:6794: checking command to parse /usr/bin/nm -B output from gcc object
configure:6948: gcc -c -g -O2  conftest.c >&5
configure:6951: $? = 0
configure:6955: /usr/bin/nm -B conftest.o | /usr/bin/sed -n -e 's/^.*[	 ]\([ABCDGIRSTW][ABCDGIRSTW]*\)[	 ][	 ]*\([_A-Za-z][_A-Za-z0-9]*\)$/\1 \2 \2/p' | /usr/bin/sed '/ __gnu_lto/d' > conftest.nm
configure:7021: gcc -o conftest -g -O2   conftest.c conftstm.o >&5
configure:7024: $? = 0
configure:7062: result: ok
configure:7109: checking for sysroot
configure:7140: result: no
configure:7147: checking for a working dd
configure:7191: result: /usr/bin/dd
configure:7195: checking how to truncate binary pipes
configure:7211: result: /usr/bin/dd bs=4096 count=1
configure:7348: gcc -c -g -O2  conftest.c >&5
configure:7351: $? = 0
configure:7548: checking for mt
configure:7569: found /usr/bin/mt
configure:7580: result: mt
configure:7603: checking if mt is a manifest tool
configure:7610: mt '-?'
configure:7618: result: no
configure:8339: checking for dlfcn.h
configure:8339: gcc -c -g -O2  conftest.c >&5
configure:8339: $? = 0
configure:8339: result: yes
configure:8596: checking for objdir
configure:8612: result: .libs
configure:8876: checking if gcc supports -fno-rtti -fno-exceptions
configure:8895: gcc -c -g -O2  -fno-rtti -fno-exceptions conftest.c >&5
cc1: warning: command-line option '-fno-rtti' is valid for C++/D/ObjC++ but not for C
configure:8899: $? = 0
configure:8912: result: no
configure:9276: checking for gcc option to produce PIC
configure:9284: result: -fPIC -DPIC
configure:9292: checking if gcc PIC flag -fPIC -DPIC works
configure:9311: gcc -c -g -O2  -fPIC -DPIC -DPIC conftest.c >&5
configure:9315: $? = 0
configure:9328: result: yes
configure:9357: checking if gcc static flag -static works
configure:9386: result: yes
configure:9401: checking if gcc supports -c -o file.o
configure:9423: gcc -c -g -O2  -o out/conftest2.o conftest.c >&5
configure:9427: $? = 0
configure:9449: result: yes
configure:9457: checking if gcc supports -c -o file.o
configure:9505: result: yes
configure:9538: checking whether the gcc linker (/usr/bin/ld -m elf_x86_64) supports shared libraries
configure:10812: result: yes
configure:10849: checking whether -lc should be explicitly linked in
configure:10858: gcc -c -g -O2  conftest.c >&5
configure:10861: $? = 0
configure:10876: gcc -shared  -fPIC -DPIC conftest.o  -v -Wl,-soname -Wl,conftest -o conftest 2\>\&1 \| /usr/bin/grep  -lc  \>/dev/null 2\>\&1
configure:10879: $? = 0
configure:10893: result: no
configure:11053: checking dynamic linker characteristics
configure:11635: gcc -o conftest -g -O2   -Wl,-rpath -Wl,/foo conftest.c  >&5
configure:11635: $? = 0
configure:11886: result: GNU/Linux ld.so
configure:12008: checking how to hardcode library paths into programs
configure:12033: result: immediate
configure:12585: checking whether stripping libraries is possible
configure:12594: result: yes
configure:12636: checking if libtool supports shared libraries
configure:12638: result: yes
configure:12641: checking whether to build shared libraries
configure:12666: result: yes
configure:12669: checking whether to build static libraries
configure:12673: result: no
configure:12814: checking Using provided HDF5 C wrapper
configure:12816: result: /usr/local/hdf5/bin/h5cc
configure:12819: checking for HDF5 type
configure:12829: result: serial
configure:12831: checking for HDF5 libraries
configure:12885: result: yes (version 1.14.3)
configure:12902: checking for hdf5.h
configure:12902: gcc -c -g -O2 -I/usr/local/hdf5/include -I/home/theassembler/src/hdf5-1.14.3/src/H5FDsubfiling conftest.c >&5
configure:12902: $? = 0
configure:12902: result: yes
configure:12910: checking for H5Fcreate in -lhdf5
configure:12933: gcc -o conftest -g -O2 -I/usr/local/hdf5/include -I/home/theassembler/src/hdf5-1.14.3/src/H5FDsubfiling  -L/usr/local/hdf5/lib conftest.c -lhdf5  -lhdf5  -lz -ldl -lm >&5
configure:12933: $? = 0
configure:12943: result: yes
configure:12956: checking for main in -lhdf5_hl
configure:12976: gcc -o conftest -g -O2 -I/usr/local/hdf5/include -I/home/theassembler/src/hdf5-1.14.3/src/H5FDsubfiling  -L/usr/local/hdf5/lib conftest.c -lhdf5_hl  -lhdf5  -lz -ldl -lm >&5
configure:12976: $? = 0
configure:12986: result: yes
configure:13006: checking for matching HDF5 Fortran wrapper
configure:13041: result: no
configure:13177: checking that generated files are newer than configure
configure:13183: result: done
configure:13206: creating ./config.status

## ---------------------- ##
## Running config.status. ##
## ---------------------- ##

This file was extended by TEMPLATE VOL config.status 1.0.0, which was
generated by GNU Autoconf 2.71.  Invocation command line was

  CONFIG_FILES    = 
  CONFIG_HEADERS  = 
  CONFIG_LINKS    = 
  CONFIG_COMMANDS = 
  $ ./config.status 

on theassembler

config.status:1099: creating Makefile
config.status:1099: creating src/Makefile
config.status:1099: creating test/Makefile
config.status:1099: creating test/test_vol_plugin.sh
config.status:1099: creating config.h
config.status:1265: config.h is unchanged
config.status:1313: executing depfiles commands
config.status:1390: cd src       && sed -e '/# am--include-marker/d' Makefile         | make -f - am--depfiles
make: Nothing to be done for 'am--depfiles'.
config.status:1395: $? = 0
config.status:1390: cd test       && sed -e '/# am--include-marker/d' Makefile         | make -f - am--depfiles
make: Nothing to be done for 'am--depfiles'.
config.status:1395: $? = 0
config.status:1313: executing libtool commands

## ---------------- ##
## Cache variables. ##
## ---------------- ##

ac_cv_build=x86_64-pc-linux-gnu
ac_cv_c_compiler_gnu=yes
ac_cv_env_CC_set=
ac_cv_env_CC_value=
ac_cv_env_CFLAGS_set=
ac_cv_env_CFLAGS_value=
ac_cv_env_CPPFLAGS_set=
ac_cv_env_CPPFLAGS_value=
ac_cv_env_LDFLAGS_set=
ac_cv_env_LDFLAGS_value=
ac_cv_env_LIBS_set=
ac_cv_env_LIBS_value=
ac_cv_env_LT_SYS_LIBRARY_PATH_set=
ac_cv_env_LT_SYS_LIBRARY_PATH_value=
ac_cv_env_build_alias_set=
ac_cv_env_build_alias_value=
ac_cv_env_host_alias_set=
ac_cv_env_host_alias_value=
ac_cv_env_target_alias_set=
ac_cv_env_target_alias_value=
ac_cv_hadf5_h=yes
ac_cv_header_dlfcn_h=yes
ac_cv_header_hdf5_h=yes
ac_cv_header_inttypes_h=yes
ac_cv_header_stdint_h=yes
ac_cv_header_stdio_h=yes
ac_cv_header_stdlib_h=yes
ac_cv_header_string_h=yes
ac_cv_header_strings_h=yes
ac_cv_header_sys_stat_h=yes
ac_cv_header_sys_types_h=yes
ac_cv_header_unistd_h=yes
ac_cv_host=x86_64-pc-linux-gnu
ac_cv_lib_hdf5_H5Fcreate=yes
ac_cv_lib_hdf5_hl=ac_cv_lib_hdf5_hl_main
ac_cv_lib_hdf5_hl_main=yes
ac_cv_libhdf5=yes
ac_cv_objext=o
ac_cv_path_EGREP='/usr/bin/grep -E'
ac_cv_path_FGREP='/usr/bin/grep -F'
ac_cv_path_GREP=/usr/bin/grep
ac_cv_path_SED=/usr/bin/sed
ac_cv_path_install='/usr/bin/install -c'
ac_cv_path_lt_DD=/usr/bin/dd
ac_cv_path_mkdir=/usr/bin/mkdir
ac_cv_prog_AWK=mawk
ac_cv_prog_ac_ct_AR=ar
ac_cv_prog_ac_ct_CC=gcc
ac_cv_prog_ac_ct_FILECMD=file
ac_cv_prog_ac_ct_MANIFEST_TOOL=mt
ac_cv_prog_ac_ct_OBJDUMP=objdump
ac_cv_prog_ac_ct_RANLIB=ranlib
ac_cv_prog_ac_ct_STRIP=strip
ac_cv_prog_cc_c11=
ac_cv_prog_cc_g=yes
ac_cv_prog_cc_stdc=
ac_cv_prog_make_make_set=yes
ac_cv_type_size_t=yes
am_cv_CC_dependencies_compiler_type=gcc3
am_cv_make_support_nested_variables=yes
am_cv_prog_cc_c_o=yes
lt_cv_ar_at_file=@
lt_cv_archive_cmds_need_lc=no
lt_cv_deplibs_check_method=pass_all
lt_cv_file_magic_cmd='$MAGIC_CMD'
lt_cv_file_magic_test_file=
lt_cv_ld_reload_flag=-r
lt_cv_nm_interface='BSD nm'
lt_cv_objdir=.libs
lt_cv_path_LD=/usr/bin/ld
lt_cv_path_NM='/usr/bin/nm -B'
lt_cv_path_mainfest_tool=no
lt_cv_prog_compiler_c_o=yes
lt_cv_prog_compiler_pic='-fPIC -DPIC'
lt_cv_prog_compiler_pic_works=yes
lt_cv_prog_compiler_rtti_exceptions=no
lt_cv_prog_compiler_static_works=yes
lt_cv_prog_gnu_ld=yes
lt_cv_sharedlib_from_linklib_cmd='printf %s\n'
lt_cv_shlibpath_overrides_runpath=yes
lt_cv_sys_global_symbol_pipe='/usr/bin/sed -n -e '\''s/^.*[	 ]\([ABCDGIRSTW][ABCDGIRSTW]*\)[	 ][	 ]*\([_A-Za-z][_A-Za-z0-9]*\)$/\1 \2 \2/p'\'' | /usr/bin/sed '\''/ __gnu_lto/d'\'''
lt_cv_sys_global_symbol_to_c_name_address='/usr/bin/sed -n -e '\''s/^: \(.*\) .*$/  {"\1", (void *) 0},/p'\'' -e '\''s/^[ABCDGIRSTW][ABCDGIRSTW]* .* \(.*\)$/  {"\1", (void *) \&\1},/p'\'''
lt_cv_sys_global_symbol_to_c_name_address_lib_prefix='/usr/bin/sed -n -e '\''s/^: \(.*\) .*$/  {"\1", (void *) 0},/p'\'' -e '\''s/^[ABCDGIRSTW][ABCDGIRSTW]* .* \(lib.*\)$/  {"\1", (void *) \&\1},/p'\'' -e '\''s/^[ABCDGIRSTW][ABCDGIRSTW]* .* \(.*\)$/  {"lib\1", (void *) \&\1},/p'\'''
lt_cv_sys_global_symbol_to_cdecl='/usr/bin/sed -n -e '\''s/^T .* \(.*\)$/extern int \1();/p'\'' -e '\''s/^[ABCDGIRSTW][ABCDGIRSTW]* .* \(.*\)$/extern char \1;/p'\'''
lt_cv_sys_global_symbol_to_import=
lt_cv_sys_max_cmd_len=1572864
lt_cv_to_host_file_cmd=func_convert_file_noop
lt_cv_to_tool_file_cmd=func_convert_file_noop
lt_cv_truncate_bin='/usr/bin/dd bs=4096 count=1'

## ----------------- ##
## Output variables. ##
## ----------------- ##

ACLOCAL='${SHELL} '\''/home/theassembler/src/vol-mongo/bin/missing'\'' aclocal-1.16'
AMDEPBACKSLASH='\'
AMDEP_FALSE='#'
AMDEP_TRUE=''
AMTAR='$${TAR-tar}'
AM_BACKSLASH='\'
AM_DEFAULT_V='$(AM_DEFAULT_VERBOSITY)'
AM_DEFAULT_VERBOSITY='0'
AM_V='$(V)'
AR='ar'
AUTOCONF='${SHELL} '\''/home/theassembler/src/vol-mongo/bin/missing'\'' autoconf'
AUTOHEADER='${SHELL} '\''/home/theassembler/src/vol-mongo/bin/missing'\'' autoheader'
AUTOMAKE='${SHELL} '\''/home/theassembler/src/vol-mongo/bin/missing'\'' automake-1.16'
AWK='mawk'
CC='gcc'
CCDEPMODE='depmode=gcc3'
CFLAGS='-g -O2'
CPPFLAGS=''
CSCOPE='cscope'
CTAGS='ctags'
CYGPATH_W='echo'
DEFS='-DHAVE_CONFIG_H'
DEPDIR='.deps'
DLLTOOL='false'
DSYMUTIL=''
DUMPBIN=''
ECHO_C=''
ECHO_N='-n'
ECHO_T=''
EGREP='/usr/bin/grep -E'
ETAGS='etags'
EXEEXT=''
FGREP='/usr/bin/grep -F'
FILECMD='file'
GREP='/usr/bin/grep'
H5CC='/usr/local/hdf5/bin/h5cc'
H5FC='/usr/local/hdf5/bin/h5fc'
HDF5_CC='gcc'
HDF5_CFLAGS=''
HDF5_CPPFLAGS='-I/usr/local/hdf5/include -I/home/theassembler/src/hdf5-1.14.3/src/H5FDsubfiling'
HDF5_FC=''
HDF5_FFLAGS=''
HDF5_FLIBS=''
HDF5_LDFLAGS=' -L/usr/local/hdf5/lib'
HDF5_LIBS='-lhdf5_hl -lhdf5  -lz -ldl -lm'
HDF5_TYPE='serial'
HDF5_VERSION='1.14.3'
INSTALL_DATA='${INSTALL} -m 644'
INSTALL_PROGRAM='${INSTALL}'
INSTALL_SCRIPT='${INSTALL}'
INSTALL_STRIP_PROGRAM='$(install_sh) -c -s'
LD='/usr/bin/ld -m elf_x86_64'
LDFLAGS=''
LIBOBJS=''
LIBS=''
LIBTOOL='$(SHELL) $(top_builddir)/libtool'
LIPO=''
LN_S='ln -s'
LTLIBOBJS=''
LT_SYS_LIBRARY_PATH=''
MAKEINFO='${SHELL} '\''/home/theassembler/src/vol-mongo/bin/missing'\'' makeinfo'
MANIFEST_TOOL=':'
MKDIR_P='/usr/bin/mkdir -p'
NM='/usr/bin/nm -B'
NMEDIT=''
OBJDUMP='objdump'
OBJEXT='o'
OTOOL64=''
OTOOL=''
PACKAGE='template-vol'
PACKAGE_BUGREPORT='help@hdfgroup.org'
PACKAGE_NAME='TEMPLATE VOL'
PACKAGE_STRING='TEMPLATE VOL 1.0.0'
PACKAGE_TARNAME='template-vol'
PACKAGE_URL=''
PACKAGE_VERSION='1.0.0'
PATH_SEPARATOR=':'
RANLIB='ranlib'
SED='/usr/bin/sed'
SET_MAKE=''
SHELL='/bin/bash'
STRIP='strip'
VERSION='1.0.0'
ac_ct_AR='ar'
ac_ct_CC='gcc'
ac_ct_DUMPBIN=''
am__EXEEXT_FALSE=''
am__EXEEXT_TRUE='#'
am__fastdepCC_FALSE='#'
am__fastdepCC_TRUE=''
am__include='include'
am__isrc=' -I$(srcdir)'
am__leading_dot='.'
am__nodep='_no'
am__quote=''
am__tar='$${TAR-tar} chof - "$$tardir"'
am__untar='$${TAR-tar} xf -'
bindir='${exec_prefix}/bin'
build='x86_64-pc-linux-gnu'
build_alias=''
build_cpu='x86_64'
build_os='linux-gnu'
build_vendor='pc'
datadir='${datarootdir}'
datarootdir='${prefix}/share'
docdir='${datarootdir}/doc/${PACKAGE_TARNAME}'
dvidir='${docdir}'
exec_prefix='${prefix}'
host='x86_64-pc-linux-gnu'
host_alias=''
host_cpu='x86_64'
host_os='linux-gnu'
host_vendor='pc'
htmldir='${docdir}'
includedir='${prefix}/include'
infodir='${datarootdir}/info'
install_sh='${SHELL} /home/theassembler/src/vol-mongo/bin/install-sh'
libdir='${exec_prefix}/lib'
libexecdir='${exec_prefix}/libexec'
localedir='${datarootdir}/locale'
localstatedir='${prefix}/var'
mandir='${datarootdir}/man'
mkdir_p='$(MKDIR_P)'
oldincludedir='/usr/include'
pdfdir='${docdir}'
prefix='/home/theassembler/src/vol-mongo/build/plugin'
program_transform_name='s,x,x,'
psdir='${docdir}'
runstatedir='${localstatedir}/run'
sbindir='${exec_prefix}/sbin'
sharedstatedir='${prefix}/com'
sysconfdir='${prefix}/etc'
target_alias=''

## ----------- ##
## confdefs.h. ##
## ----------- ##

/* confdefs.h */
#define PACKAGE_NAME "TEMPLATE VOL"
#define PACKAGE_TARNAME "template-vol"
#define PACKAGE_VERSION "1.0.0"
#define PACKAGE_STRING "TEMPLATE VOL 1.0.0"
#define PACKAGE_BUGREPORT "help@hdfgroup.org"
#define PACKAGE_URL ""
#define HAVE_STDIO_H 1
#define HAVE_STDLIB_H 1
#define HAVE_STRING_H 1
#define HAVE_INTTYPES_H 1
#define HAVE_STDINT_H 1
#define HAVE_STRINGS_H 1
#define HAVE_SYS_STAT_H 1
#define HAVE_SYS_TYPES_H 1
#define HAVE_UNISTD_H 1
#define STDC_HEADERS 1
#define HAVE_STDLIB_H 1
#define PACKAGE "template-vol"
#define VERSION "1.0.0"
#define HAVE_DLFCN_H 1
#define LT_OBJDIR ".libs/"
#define HAVE_HDF5 1

configure: exit 0
